0 info it worked if it ends with ok
1 verbose cli [ '/Users/shiguangxiaoxi/.nvm/versions/io.js/v3.3.1/bin/iojs',
1 verbose cli   '/Users/shiguangxiaoxi/.nvm/versions/io.js/v3.3.1/bin/npm',
1 verbose cli   'run',
1 verbose cli   'start:dev' ]
2 info using npm@2.14.3
3 info using node@v3.3.1
4 verbose run-script [ 'prestart:dev', 'start:dev', 'poststart:dev' ]
5 info prestart:dev architect@1.0.0
6 info start:dev architect@1.0.0
7 verbose unsafe-perm in lifecycle true
8 info architect@1.0.0 Failed to exec start:dev script
9 verbose stack Error: architect@1.0.0 start:dev: `cross-env NODE_ENV = development supervisor ./build/app.js`
9 verbose stack Exit status 1
9 verbose stack     at EventEmitter.<anonymous> (/Users/shiguangxiaoxi/.nvm/versions/io.js/v3.3.1/lib/node_modules/npm/lib/utils/lifecycle.js:214:16)
9 verbose stack     at emitTwo (events.js:87:13)
9 verbose stack     at EventEmitter.emit (events.js:172:7)
9 verbose stack     at ChildProcess.<anonymous> (/Users/shiguangxiaoxi/.nvm/versions/io.js/v3.3.1/lib/node_modules/npm/lib/utils/spawn.js:24:14)
9 verbose stack     at emitTwo (events.js:87:13)
9 verbose stack     at ChildProcess.emit (events.js:172:7)
9 verbose stack     at maybeClose (internal/child_process.js:764:16)
9 verbose stack     at Process.ChildProcess._handle.onexit (internal/child_process.js:211:5)
10 verbose pkgid architect@1.0.0
11 verbose cwd /Users/shiguangxiaoxi/practices/architectOne
12 error Darwin 17.7.0
13 error argv "/Users/shiguangxiaoxi/.nvm/versions/io.js/v3.3.1/bin/iojs" "/Users/shiguangxiaoxi/.nvm/versions/io.js/v3.3.1/bin/npm" "run" "start:dev"
14 error node v3.3.1
15 error npm  v2.14.3
16 error code ELIFECYCLE
17 error architect@1.0.0 start:dev: `cross-env NODE_ENV = development supervisor ./build/app.js`
17 error Exit status 1
18 error Failed at the architect@1.0.0 start:dev script 'cross-env NODE_ENV = development supervisor ./build/app.js'.
18 error This is most likely a problem with the architect package,
18 error not with npm itself.
18 error Tell the author that this fails on your system:
18 error     cross-env NODE_ENV = development supervisor ./build/app.js
18 error You can get their info via:
18 error     npm owner ls architect
18 error There is likely additional logging output above.
19 verbose exit [ 1, true ]
